<?xml version="1.0" encoding="UTF-8"?>
<!-- Generated by org.testng.reporters.JUnitReportReporter -->
<testsuite skipped="0" hostname="DESKTOP-N53LHOB" name="hack.readExcel" tests="1" failures="0" timestamp="2020-10-19T10:23:21 IST" time="0.961" errors="0">
  <testcase name="print" time="0.961" classname="hack.readExcel"/>
  <system-out/>
</testsuite> <!-- hack.readExcel -->
