<?xml version="1.0" encoding="UTF-8"?>
<!-- Generated by org.testng.reporters.JUnitReportReporter -->
<testsuite skipped="0" hostname="DESKTOP-N53LHOB" name="hack.JavaExcel" tests="1" failures="0" timestamp="2020-10-19T00:18:57 IST" time="0.764" errors="0">
  <testcase name="print" time="0.764" classname="hack.JavaExcel"/>
  <system-out/>
</testsuite> <!-- hack.JavaExcel -->
