<?xml version="1.0" encoding="UTF-8"?>
<!-- Generated by org.testng.reporters.JUnitReportReporter -->
<testsuite skipped="0" hostname="DESKTOP-N53LHOB" name="hack.hack1" tests="1" failures="0" timestamp="2020-11-02T10:13:40 IST" time="34.249" errors="0">
  <testcase name="openSite" time="34.249" classname="hack.hack1"/>
  <system-out/>
</testsuite> <!-- hack.hack1 -->
